[debug] [2023-03-06T18:17:32.190Z] ----------------------------------------------------------------------
[debug] [2023-03-06T18:17:32.194Z] Command:       /usr/local/bin/node /usr/local/bin/firebase init hosting
[debug] [2023-03-06T18:17:32.195Z] CLI Version:   11.24.0
[debug] [2023-03-06T18:17:32.195Z] Platform:      darwin
[debug] [2023-03-06T18:17:32.195Z] Node Version:  v19.7.0
[debug] [2023-03-06T18:17:32.195Z] Time:          Mon Mar 06 2023 19:17:32 GMT+0100 (Central European Standard Time)
[debug] [2023-03-06T18:17:32.195Z] ----------------------------------------------------------------------
[debug] 
[debug] [2023-03-06T18:17:32.199Z] >>> [apiv2][query] GET https://firebase-public.firebaseio.com/cli.json [none]
[debug] [2023-03-06T18:17:32.268Z] > command requires scopes: ["email","openid","https://www.googleapis.com/auth/cloudplatformprojects.readonly","https://www.googleapis.com/auth/firebase","https://www.googleapis.com/auth/cloud-platform"]
[debug] [2023-03-06T18:17:32.270Z] > authorizing via signed-in user (d.pirowhedayati@googlemail.com)
[info] 
     ######## #### ########  ######## ########     ###     ######  ########
     ##        ##  ##     ## ##       ##     ##  ##   ##  ##       ##
     ######    ##  ########  ######   ########  #########  ######  ######
     ##        ##  ##    ##  ##       ##     ## ##     ##       ## ##
     ##       #### ##     ## ######## ########  ##     ##  ######  ########

You're about to initialize a Firebase project in this directory:

  /Users/Piro/Web_Dev/Codeworks/ping/server

[info] 
=== Project Setup
[info] 
[info] First, let's associate this project directory with a Firebase project.
[info] You can create multiple project aliases by running firebase use --add, 
[info] but for now we'll just set up a default project.
[info] 
[debug] [2023-03-06T18:17:32.636Z] <<< [apiv2][status] GET https://firebase-public.firebaseio.com/cli.json 200
[debug] [2023-03-06T18:17:32.636Z] <<< [apiv2][body] GET https://firebase-public.firebaseio.com/cli.json {"cloudBuildErrorAfter":1594252800000,"cloudBuildWarnAfter":1590019200000,"defaultNode10After":1594252800000,"minVersion":"3.0.5","node8DeploysDisabledAfter":1613390400000,"node8RuntimeDisabledAfter":1615809600000,"node8WarnAfter":1600128000000}
